<?xml version="1.0" encoding="UTF-8"?>
<!-- Generated by org.testng.reporters.JUnitReportReporter -->
<testsuite hostname="DESKTOP-HEV2DBS" failures="0" tests="4" name="test1Practice.HomeLoan" time="0.020" errors="0" timestamp="2022-08-21T10:33:29 IST" skipped="0">
  <testcase classname="test1Practice.HomeLoan" name="HomeLoanLogIn" time="0.003"/>
  <system-out/>
  <testcase classname="test1Practice.HomeLoan" name="HomeLoanLogIn" time="0.005"/>
  <system-out/>
  <testcase classname="test1Practice.HomeLoan" name="HomeLoanLogIn" time="0.008"/>
  <system-out/>
  <testcase classname="test1Practice.HomeLoan" name="HomeLoanInterests" time="0.004"/>
  <system-out/>
</testsuite> <!-- test1Practice.HomeLoan -->
