<?xml version="1.0" encoding="UTF-8"?>
<!-- Generated by org.testng.reporters.JUnitReportReporter -->
<testsuite hostname="DESKTOP-HEV2DBS" failures="0" tests="1" name="testDemo1" time="0.002" errors="0" timestamp="2022-08-21T10:33:29 IST" skipped="0">
  <testcase classname="testDemo1" name="selectItem" time="0.002"/>
  <system-out/>
</testsuite> <!-- testDemo1 -->
