<?xml version="1.0" encoding="UTF-8"?>
<!-- Generated by org.testng.reporters.JUnitReportReporter -->
<testsuite hostname="DESKTOP-HEV2DBS" failures="0" tests="3" name="FirstTestngDemo" time="0.006" errors="0" timestamp="2022-08-17T13:47:01 IST" skipped="0">
  <testcase classname="FirstTestngDemo" name="selectItem" time="0.002"/>
  <system-out/>
  <testcase classname="FirstTestngDemo" name="checkout" time="0.002"/>
  <system-out/>
  <testcase classname="FirstTestngDemo" name="Login" time="0.002"/>
  <system-out/>
</testsuite> <!-- FirstTestngDemo -->
