<?xml version="1.0" encoding="UTF-8"?>
<!-- Generated by org.testng.reporters.JUnitReportReporter -->
<testsuite hostname="DESKTOP-HEV2DBS" failures="0" tests="3" name="test1Practice.Day1" time="0.045" errors="0" timestamp="2022-08-17T09:55:36 IST" skipped="0">
  <testcase classname="test1Practice.Day1" name="CarLoanLogIn" time="0.040"/>
  <system-out/>
  <testcase classname="test1Practice.Day1" name="UsedCarsLoan" time="0.002"/>
  <system-out/>
  <testcase classname="test1Practice.Day1" name="CarLoanTypes" time="0.003"/>
  <system-out/>
</testsuite> <!-- test1Practice.Day1 -->
